2019:04:23 20:41:59.088 INFO  --- [restartedMain] com.oksusu.hdh.OksusuApplication : Starting OksusuApplication on handonghuiui-MacBookPro.local with PID 2874 (/Users/jinaworks/Downloads/EsSearchDataList/bin/main started by jinaworks in /Users/jinaworks/Downloads/EsSearchDataList) 
2019:04:23 20:41:59.088 INFO  --- [restartedMain] com.oksusu.hdh.OksusuApplication : No active profile set, falling back to default profiles: default 
2019:04:23 20:41:59.092 INFO  --- [restartedMain] o.s.b.w.s.c.AnnotationConfigServletWebServerApplicationContext : Refreshing org.springframework.boot.web.servlet.context.AnnotationConfigServletWebServerApplicationContext@6e24d0e9: startup date [Tue Apr 23 20:41:59 KST 2019]; root of context hierarchy 
2019:04:23 20:41:59.610 INFO  --- [restartedMain] o.s.b.w.e.tomcat.TomcatWebServer : Tomcat initialized with port(s): 8080 (http) 
2019:04:23 20:41:59.611 INFO  --- [restartedMain] o.a.catalina.core.StandardService : Starting service [Tomcat] 
2019:04:23 20:41:59.612 INFO  --- [restartedMain] o.a.catalina.core.StandardEngine : Starting Servlet Engine: Apache Tomcat/8.5.34 
2019:04:23 20:41:59.750 INFO  --- [localhost-startStop-1] o.apache.jasper.servlet.TldScanner : At least one JAR was scanned for TLDs yet contained no TLDs. Enable debug logging for this logger for a complete list of JARs that were scanned but no TLDs were found in them. Skipping unneeded JARs during scanning can improve startup time and JSP compilation time. 
2019:04:23 20:41:59.754 INFO  --- [localhost-startStop-1] o.a.c.c.C.[Tomcat].[localhost].[/] : Initializing Spring embedded WebApplicationContext 
2019:04:23 20:41:59.754 INFO  --- [localhost-startStop-1] o.s.web.context.ContextLoader : Root WebApplicationContext: initialization completed in 662 ms 
2019:04:23 20:41:59.767 INFO  --- [localhost-startStop-1] o.s.b.w.s.ServletRegistrationBean : Servlet dispatcherServlet mapped to [/] 
2019:04:23 20:41:59.767 INFO  --- [localhost-startStop-1] o.s.b.w.s.FilterRegistrationBean : Mapping filter: 'characterEncodingFilter' to: [/*] 
2019:04:23 20:41:59.768 INFO  --- [localhost-startStop-1] o.s.b.w.s.FilterRegistrationBean : Mapping filter: 'hiddenHttpMethodFilter' to: [/*] 
2019:04:23 20:41:59.768 INFO  --- [localhost-startStop-1] o.s.b.w.s.FilterRegistrationBean : Mapping filter: 'httpPutFormContentFilter' to: [/*] 
2019:04:23 20:41:59.768 INFO  --- [localhost-startStop-1] o.s.b.w.s.FilterRegistrationBean : Mapping filter: 'requestContextFilter' to: [/*] 
2019:04:23 20:41:59.942 INFO  --- [restartedMain] o.s.w.s.h.SimpleUrlHandlerMapping : Mapped URL path [/**/favicon.ico] onto handler of type [class org.springframework.web.servlet.resource.ResourceHttpRequestHandler] 
2019:04:23 20:41:59.993 INFO  --- [restartedMain] o.s.w.s.m.m.a.RequestMappingHandlerAdapter : Looking for @ControllerAdvice: org.springframework.boot.web.servlet.context.AnnotationConfigServletWebServerApplicationContext@6e24d0e9: startup date [Tue Apr 23 20:41:59 KST 2019]; root of context hierarchy 
2019:04:23 20:42:00.006 INFO  --- [restartedMain] o.s.w.s.m.m.a.RequestMappingHandlerMapping : Mapped "{[/getProperty],methods=[POST]}" onto public java.lang.String com.oksusu.hdh.boot.controller.SlackController.getProperty(java.util.Map<java.lang.String, java.lang.String>) 
2019:04:23 20:42:00.009 INFO  --- [restartedMain] o.s.w.s.m.m.a.RequestMappingHandlerMapping : Mapped "{[/],methods=[GET]}" onto public org.springframework.web.servlet.ModelAndView com.oksusu.hdh.controller.EsSearchController.MainPage() 
2019:04:23 20:42:00.010 INFO  --- [restartedMain] o.s.w.s.m.m.a.RequestMappingHandlerMapping : Mapped "{[/checkServer],methods=[GET]}" onto public java.util.List<java.lang.String> com.oksusu.hdh.controller.EsSearchController.checkServerList(com.oksusu.hdh.domain.EsSearchVO,java.util.Map<java.lang.String, java.lang.Object>) throws java.lang.Exception 
2019:04:23 20:42:00.011 INFO  --- [restartedMain] o.s.w.s.m.m.a.RequestMappingHandlerMapping : Mapped "{[/typeList],methods=[POST]}" onto public java.util.List<java.lang.String> com.oksusu.hdh.controller.EsSearchController.startTypeList(com.oksusu.hdh.domain.EsSearchVO,java.util.Map<java.lang.String, java.lang.Object>) throws java.lang.Exception 
2019:04:23 20:42:00.012 INFO  --- [restartedMain] o.s.w.s.m.m.a.RequestMappingHandlerMapping : Mapped "{[/startSearch],methods=[POST]}" onto public java.util.Map<java.lang.String, java.util.List<java.lang.Object>> com.oksusu.hdh.controller.EsSearchController.startSearch(java.util.Map<java.lang.String, java.lang.Object>) throws java.lang.Exception 
2019:04:23 20:42:00.013 INFO  --- [restartedMain] o.s.w.s.m.m.a.RequestMappingHandlerMapping : Mapped "{[/1/hello]}" onto public java.lang.String com.oksusu.hdh.controller.MainController.Hello() 
2019:04:23 20:42:00.015 INFO  --- [restartedMain] o.s.w.s.m.m.a.RequestMappingHandlerMapping : Mapped "{[/error]}" onto public org.springframework.http.ResponseEntity<java.util.Map<java.lang.String, java.lang.Object>> org.springframework.boot.autoconfigure.web.servlet.error.BasicErrorController.error(javax.servlet.http.HttpServletRequest) 
2019:04:23 20:42:00.016 INFO  --- [restartedMain] o.s.w.s.m.m.a.RequestMappingHandlerMapping : Mapped "{[/error],produces=[text/html]}" onto public org.springframework.web.servlet.ModelAndView org.springframework.boot.autoconfigure.web.servlet.error.BasicErrorController.errorHtml(javax.servlet.http.HttpServletRequest,javax.servlet.http.HttpServletResponse) 
2019:04:23 20:42:00.027 INFO  --- [restartedMain] o.s.w.s.h.SimpleUrlHandlerMapping : Mapped URL path [/webjars/**] onto handler of type [class org.springframework.web.servlet.resource.ResourceHttpRequestHandler] 
2019:04:23 20:42:00.027 INFO  --- [restartedMain] o.s.w.s.h.SimpleUrlHandlerMapping : Mapped URL path [/**] onto handler of type [class org.springframework.web.servlet.resource.ResourceHttpRequestHandler] 
2019:04:23 20:42:00.076 INFO  --- [restartedMain] o.s.b.d.a.OptionalLiveReloadServer : LiveReload server is running on port 35729 
2019:04:23 20:42:00.099 INFO  --- [restartedMain] o.s.j.e.a.AnnotationMBeanExporter : Registering beans for JMX exposure on startup 
2019:04:23 20:42:00.108 INFO  --- [restartedMain] o.s.s.a.ScheduledAnnotationBeanPostProcessor : No TaskScheduler/ScheduledExecutorService bean found for scheduled processing 
2019:04:23 20:42:00.113 INFO  --- [restartedMain] o.s.b.w.e.tomcat.TomcatWebServer : Tomcat started on port(s): 8080 (http) with context path '' 
2019:04:23 20:42:00.114 INFO  --- [restartedMain] com.oksusu.hdh.OksusuApplication : Started OksusuApplication in 1.062 seconds (JVM running for 654.105) 
2019:04:23 20:42:00.117 INFO  --- [restartedMain] o.s.b.d.a.ConditionEvaluationDeltaLoggingListener : Condition evaluation unchanged 
2019:04:23 20:43:00.012 INFO  --- [pool-3-thread-1] c.o.h.boot.scheduler.SlackScheduler : DEV status: true 
2019:04:23 20:43:00.021 INFO  --- [pool-3-thread-1] c.o.h.boot.scheduler.SlackScheduler : BMT status: true 
2019:04:23 20:43:00.031 INFO  --- [pool-3-thread-1] c.o.h.boot.scheduler.SlackScheduler : PROD status: true 
2019:04:23 20:44:00.010 INFO  --- [pool-3-thread-1] c.o.h.boot.scheduler.SlackScheduler : DEV status: true 
2019:04:23 20:44:00.020 INFO  --- [pool-3-thread-1] c.o.h.boot.scheduler.SlackScheduler : BMT status: true 
2019:04:23 20:44:00.031 INFO  --- [pool-3-thread-1] c.o.h.boot.scheduler.SlackScheduler : PROD status: true 
2019:04:23 20:45:00.009 INFO  --- [pool-3-thread-1] c.o.h.boot.scheduler.SlackScheduler : DEV status: true 
2019:04:23 20:45:00.017 INFO  --- [pool-3-thread-1] c.o.h.boot.scheduler.SlackScheduler : BMT status: true 
2019:04:23 20:45:00.026 INFO  --- [pool-3-thread-1] c.o.h.boot.scheduler.SlackScheduler : PROD status: true 
2019:04:23 20:46:00.008 INFO  --- [pool-3-thread-1] c.o.h.boot.scheduler.SlackScheduler : DEV status: true 
2019:04:23 20:46:00.017 INFO  --- [pool-3-thread-1] c.o.h.boot.scheduler.SlackScheduler : BMT status: true 
2019:04:23 20:46:00.026 INFO  --- [pool-3-thread-1] c.o.h.boot.scheduler.SlackScheduler : PROD status: true 
2019:04:23 20:47:00.008 INFO  --- [pool-3-thread-1] c.o.h.boot.scheduler.SlackScheduler : DEV status: true 
2019:04:23 20:47:00.018 INFO  --- [pool-3-thread-1] c.o.h.boot.scheduler.SlackScheduler : BMT status: true 
2019:04:23 20:47:00.028 INFO  --- [pool-3-thread-1] c.o.h.boot.scheduler.SlackScheduler : PROD status: true 
2019:04:23 20:48:00.008 INFO  --- [pool-3-thread-1] c.o.h.boot.scheduler.SlackScheduler : DEV status: true 
2019:04:23 20:48:00.017 INFO  --- [pool-3-thread-1] c.o.h.boot.scheduler.SlackScheduler : BMT status: true 
2019:04:23 20:48:00.026 INFO  --- [pool-3-thread-1] c.o.h.boot.scheduler.SlackScheduler : PROD status: true 
2019:04:23 20:48:09.219 INFO  --- [Thread-15] o.s.b.w.s.c.AnnotationConfigServletWebServerApplicationContext : Closing org.springframework.boot.web.servlet.context.AnnotationConfigServletWebServerApplicationContext@6e24d0e9: startup date [Tue Apr 23 20:41:59 KST 2019]; root of context hierarchy 
2019:04:23 20:48:29.099 INFO  --- [restartedMain] com.oksusu.hdh.OksusuApplication : Starting OksusuApplication on handonghuiui-MacBookPro.local with PID 2874 (/Users/jinaworks/Downloads/EsSearchDataList/bin/main started by jinaworks in /Users/jinaworks/Downloads/EsSearchDataList) 
2019:04:23 20:48:29.100 INFO  --- [restartedMain] com.oksusu.hdh.OksusuApplication : No active profile set, falling back to default profiles: default 
2019:04:23 20:48:29.103 INFO  --- [restartedMain] o.s.b.w.s.c.AnnotationConfigServletWebServerApplicationContext : Refreshing org.springframework.boot.web.servlet.context.AnnotationConfigServletWebServerApplicationContext@30d44e5c: startup date [Tue Apr 23 20:48:29 KST 2019]; root of context hierarchy 
2019:04:23 20:48:29.500 INFO  --- [restartedMain] o.s.b.w.e.tomcat.TomcatWebServer : Tomcat initialized with port(s): 8080 (http) 
2019:04:23 20:48:29.501 INFO  --- [restartedMain] o.a.catalina.core.StandardService : Starting service [Tomcat] 
2019:04:23 20:48:29.502 INFO  --- [restartedMain] o.a.catalina.core.StandardEngine : Starting Servlet Engine: Apache Tomcat/8.5.34 
2019:04:23 20:48:29.590 INFO  --- [localhost-startStop-1] o.apache.jasper.servlet.TldScanner : At least one JAR was scanned for TLDs yet contained no TLDs. Enable debug logging for this logger for a complete list of JARs that were scanned but no TLDs were found in them. Skipping unneeded JARs during scanning can improve startup time and JSP compilation time. 
2019:04:23 20:48:29.594 INFO  --- [localhost-startStop-1] o.a.c.c.C.[Tomcat].[localhost].[/] : Initializing Spring embedded WebApplicationContext 
2019:04:23 20:48:29.594 INFO  --- [localhost-startStop-1] o.s.web.context.ContextLoader : Root WebApplicationContext: initialization completed in 491 ms 
2019:04:23 20:48:29.605 INFO  --- [localhost-startStop-1] o.s.b.w.s.ServletRegistrationBean : Servlet dispatcherServlet mapped to [/] 
2019:04:23 20:48:29.606 INFO  --- [localhost-startStop-1] o.s.b.w.s.FilterRegistrationBean : Mapping filter: 'characterEncodingFilter' to: [/*] 
2019:04:23 20:48:29.606 INFO  --- [localhost-startStop-1] o.s.b.w.s.FilterRegistrationBean : Mapping filter: 'hiddenHttpMethodFilter' to: [/*] 
2019:04:23 20:48:29.606 INFO  --- [localhost-startStop-1] o.s.b.w.s.FilterRegistrationBean : Mapping filter: 'httpPutFormContentFilter' to: [/*] 
2019:04:23 20:48:29.606 INFO  --- [localhost-startStop-1] o.s.b.w.s.FilterRegistrationBean : Mapping filter: 'requestContextFilter' to: [/*] 
2019:04:23 20:48:29.820 INFO  --- [restartedMain] o.s.w.s.h.SimpleUrlHandlerMapping : Mapped URL path [/**/favicon.ico] onto handler of type [class org.springframework.web.servlet.resource.ResourceHttpRequestHandler] 
2019:04:23 20:48:29.859 INFO  --- [restartedMain] o.s.w.s.m.m.a.RequestMappingHandlerAdapter : Looking for @ControllerAdvice: org.springframework.boot.web.servlet.context.AnnotationConfigServletWebServerApplicationContext@30d44e5c: startup date [Tue Apr 23 20:48:29 KST 2019]; root of context hierarchy 
2019:04:23 20:48:29.867 INFO  --- [restartedMain] o.s.w.s.m.m.a.RequestMappingHandlerMapping : Mapped "{[/getProperty],methods=[POST]}" onto public java.lang.String com.oksusu.hdh.boot.controller.SlackController.getProperty(java.util.Map<java.lang.String, java.lang.String>) 
2019:04:23 20:48:29.869 INFO  --- [restartedMain] o.s.w.s.m.m.a.RequestMappingHandlerMapping : Mapped "{[/],methods=[GET]}" onto public org.springframework.web.servlet.ModelAndView com.oksusu.hdh.controller.EsSearchController.MainPage() 
2019:04:23 20:48:29.869 INFO  --- [restartedMain] o.s.w.s.m.m.a.RequestMappingHandlerMapping : Mapped "{[/checkServer],methods=[GET]}" onto public java.util.List<java.lang.String> com.oksusu.hdh.controller.EsSearchController.checkServerList(com.oksusu.hdh.domain.EsSearchVO,java.util.Map<java.lang.String, java.lang.Object>) throws java.lang.Exception 
2019:04:23 20:48:29.870 INFO  --- [restartedMain] o.s.w.s.m.m.a.RequestMappingHandlerMapping : Mapped "{[/typeList],methods=[POST]}" onto public java.util.List<java.lang.String> com.oksusu.hdh.controller.EsSearchController.startTypeList(com.oksusu.hdh.domain.EsSearchVO,java.util.Map<java.lang.String, java.lang.Object>) throws java.lang.Exception 
2019:04:23 20:48:29.870 INFO  --- [restartedMain] o.s.w.s.m.m.a.RequestMappingHandlerMapping : Mapped "{[/startSearch],methods=[POST]}" onto public java.util.Map<java.lang.String, java.util.List<java.lang.Object>> com.oksusu.hdh.controller.EsSearchController.startSearch(java.util.Map<java.lang.String, java.lang.Object>) throws java.lang.Exception 
2019:04:23 20:48:29.872 INFO  --- [restartedMain] o.s.w.s.m.m.a.RequestMappingHandlerMapping : Mapped "{[/1/hello]}" onto public java.lang.String com.oksusu.hdh.controller.MainController.Hello() 
2019:04:23 20:48:29.874 INFO  --- [restartedMain] o.s.w.s.m.m.a.RequestMappingHandlerMapping : Mapped "{[/error]}" onto public org.springframework.http.ResponseEntity<java.util.Map<java.lang.String, java.lang.Object>> org.springframework.boot.autoconfigure.web.servlet.error.BasicErrorController.error(javax.servlet.http.HttpServletRequest) 
2019:04:23 20:48:29.875 INFO  --- [restartedMain] o.s.w.s.m.m.a.RequestMappingHandlerMapping : Mapped "{[/error],produces=[text/html]}" onto public org.springframework.web.servlet.ModelAndView org.springframework.boot.autoconfigure.web.servlet.error.BasicErrorController.errorHtml(javax.servlet.http.HttpServletRequest,javax.servlet.http.HttpServletResponse) 
2019:04:23 20:48:29.882 INFO  --- [restartedMain] o.s.w.s.h.SimpleUrlHandlerMapping : Mapped URL path [/webjars/**] onto handler of type [class org.springframework.web.servlet.resource.ResourceHttpRequestHandler] 
2019:04:23 20:48:29.882 INFO  --- [restartedMain] o.s.w.s.h.SimpleUrlHandlerMapping : Mapped URL path [/**] onto handler of type [class org.springframework.web.servlet.resource.ResourceHttpRequestHandler] 
2019:04:23 20:48:29.925 INFO  --- [restartedMain] o.s.b.d.a.OptionalLiveReloadServer : LiveReload server is running on port 35729 
2019:04:23 20:48:29.945 INFO  --- [restartedMain] o.s.j.e.a.AnnotationMBeanExporter : Registering beans for JMX exposure on startup 
2019:04:23 20:48:29.951 INFO  --- [restartedMain] o.s.s.a.ScheduledAnnotationBeanPostProcessor : No TaskScheduler/ScheduledExecutorService bean found for scheduled processing 
2019:04:23 20:48:29.956 INFO  --- [restartedMain] o.s.b.w.e.tomcat.TomcatWebServer : Tomcat started on port(s): 8080 (http) with context path '' 
2019:04:23 20:48:29.957 INFO  --- [restartedMain] com.oksusu.hdh.OksusuApplication : Started OksusuApplication in 0.902 seconds (JVM running for 1043.961) 
2019:04:23 20:48:29.959 INFO  --- [restartedMain] o.s.b.d.a.ConditionEvaluationDeltaLoggingListener : Condition evaluation unchanged 
2019:04:23 20:49:00.013 INFO  --- [pool-4-thread-1] c.o.h.boot.scheduler.SlackScheduler : DEV status: true 
2019:04:23 20:49:00.022 INFO  --- [pool-4-thread-1] c.o.h.boot.scheduler.SlackScheduler : BMT status: true 
2019:04:23 20:49:00.032 INFO  --- [pool-4-thread-1] c.o.h.boot.scheduler.SlackScheduler : PROD status: true 
2019:04:23 20:50:00.011 INFO  --- [pool-4-thread-1] c.o.h.boot.scheduler.SlackScheduler : DEV status: true 
2019:04:23 20:50:00.020 INFO  --- [pool-4-thread-1] c.o.h.boot.scheduler.SlackScheduler : BMT status: true 
2019:04:23 20:50:00.029 INFO  --- [pool-4-thread-1] c.o.h.boot.scheduler.SlackScheduler : PROD status: true 
2019:04:23 20:51:00.007 INFO  --- [pool-4-thread-1] c.o.h.boot.scheduler.SlackScheduler : DEV status: true 
2019:04:23 20:51:00.017 INFO  --- [pool-4-thread-1] c.o.h.boot.scheduler.SlackScheduler : BMT status: true 
2019:04:23 20:51:00.026 INFO  --- [pool-4-thread-1] c.o.h.boot.scheduler.SlackScheduler : PROD status: true 
2019:04:23 20:52:00.014 INFO  --- [pool-4-thread-1] c.o.h.boot.scheduler.SlackScheduler : DEV status: true 
2019:04:23 20:52:00.022 INFO  --- [pool-4-thread-1] c.o.h.boot.scheduler.SlackScheduler : BMT status: true 
2019:04:23 20:52:00.033 INFO  --- [pool-4-thread-1] c.o.h.boot.scheduler.SlackScheduler : PROD status: true 
2019:04:23 20:53:00.009 INFO  --- [pool-4-thread-1] c.o.h.boot.scheduler.SlackScheduler : DEV status: true 
2019:04:23 20:53:00.020 INFO  --- [pool-4-thread-1] c.o.h.boot.scheduler.SlackScheduler : BMT status: true 
2019:04:23 20:53:00.029 INFO  --- [pool-4-thread-1] c.o.h.boot.scheduler.SlackScheduler : PROD status: true 
2019:04:23 20:53:48.391 INFO  --- [Thread-35] o.s.b.w.s.c.AnnotationConfigServletWebServerApplicationContext : Closing org.springframework.boot.web.servlet.context.AnnotationConfigServletWebServerApplicationContext@30d44e5c: startup date [Tue Apr 23 20:48:29 KST 2019]; root of context hierarchy 
